2023-03-17 16:39:07,465 ERROR 89624 [-/127.0.0.1/-/7ms GET /api/addTask] nodejs.TypeError: ctx.validate is not a function
    at HomeController.addTask (/Users/lizhanqiang1/Documents/learn/egg-example/app/controller/home.js:8:9)
    at Object.callFn (/Users/lizhanqiang1/Documents/learn/egg-example/node_modules/egg-core/lib/utils/index.js:44:21)
    at Object.classControllerMiddleware (/Users/lizhanqiang1/Documents/learn/egg-example/node_modules/egg-core/lib/loader/mixin/controller.js:87:20)
    at Object.callFn (/Users/lizhanqiang1/Documents/learn/egg-example/node_modules/@eggjs/router/lib/utils.js:12:21)
    at wrappedController (/Users/lizhanqiang1/Documents/learn/egg-example/node_modules/@eggjs/router/lib/egg_router.js:322:18)
    at dispatch (/Users/lizhanqiang1/Documents/learn/egg-example/node_modules/koa-compose/index.js:44:32)
    at next (/Users/lizhanqiang1/Documents/learn/egg-example/node_modules/koa-compose/index.js:45:18)
    at /Users/lizhanqiang1/Documents/learn/egg-example/node_modules/@eggjs/router/lib/router.js:186:18
    at dispatch (/Users/lizhanqiang1/Documents/learn/egg-example/node_modules/koa-compose/index.js:44:32)
    at /Users/lizhanqiang1/Documents/learn/egg-example/node_modules/koa-compose/index.js:36:12
    at dispatch (/Users/lizhanqiang1/Documents/learn/egg-example/node_modules/@eggjs/router/lib/router.js:191:33)
    at dispatch (/Users/lizhanqiang1/Documents/learn/egg-example/node_modules/koa/node_modules/koa-compose/index.js:42:32)
    at /Users/lizhanqiang1/Documents/learn/egg-example/node_modules/egg-development/app/middleware/egg_loader_trace.js:9:56
    at dispatch (/Users/lizhanqiang1/Documents/learn/egg-example/node_modules/koa/node_modules/koa-compose/index.js:42:32)
    at i18n (/Users/lizhanqiang1/Documents/learn/egg-example/node_modules/egg-i18n/app/middleware/i18n.js:13:12)
    at dispatch (/Users/lizhanqiang1/Documents/learn/egg-example/node_modules/koa/node_modules/koa-compose/index.js:42:32)

pid: 89624
hostname: ZBMac-C02D41XPM

2023-03-17 17:47:09,786 ERROR 6235 [-/127.0.0.1/-/122003ms GET /api/queryTaskList?pageNo=1&pageSize=10] nodejs.ReferenceError: currentPage is not defined
    at TaskService.getTaskList (/Users/lizhanqiang1/Documents/learn/egg-example/app/service/task.js:32:88)
    at processTicksAndRejections (internal/process/task_queues.js:95:5)
    at async HomeController.queryTaskList (/Users/lizhanqiang1/Documents/learn/egg-example/app/controller/home.js:24:17)
    at async /Users/lizhanqiang1/Documents/learn/egg-example/app/middleware/error_handler.js:6:7
    at async /Users/lizhanqiang1/Documents/learn/egg-example/node_modules/egg-development/app/middleware/egg_loader_trace.js:9:50
    at async xframe (/Users/lizhanqiang1/Documents/learn/egg-example/node_modules/egg-security/lib/middlewares/xframe.js:7:5)
    at async xssProtection (/Users/lizhanqiang1/Documents/learn/egg-example/node_modules/egg-security/lib/middlewares/xssProtection.js:7:5)
    at async nosniff (/Users/lizhanqiang1/Documents/learn/egg-example/node_modules/egg-security/lib/middlewares/nosniff.js:8:5)
    at async noopen (/Users/lizhanqiang1/Documents/learn/egg-example/node_modules/egg-security/lib/middlewares/noopen.js:8:5)
    at async session (/Users/lizhanqiang1/Documents/learn/egg-example/node_modules/koa-session/index.js:41:7)
    at async bodyParser (/Users/lizhanqiang1/Documents/learn/egg-example/node_modules/koa-bodyparser/index.js:91:5)
    at async /Users/lizhanqiang1/Documents/learn/egg-example/node_modules/koa-static-cache/index.js:41:56
    at async notfound (/Users/lizhanqiang1/Documents/learn/egg-example/node_modules/egg/app/middleware/notfound.js:5:5)
    at async meta (/Users/lizhanqiang1/Documents/learn/egg-example/node_modules/egg/app/middleware/meta.js:12:5)
    at async /Users/lizhanqiang1/Documents/learn/egg-example/node_modules/koa/lib/application.js:242:16
    at async asyncCtxStorage (/Users/lizhanqiang1/Documents/learn/egg-example/node_modules/koa/lib/application.js:241:7)

pid: 6235
hostname: ZBMac-C02D41XPM

2023-03-20 10:40:29,000 ERROR 28636 [-/127.0.0.1/-/20ms POST /api/editTask] nodejs.TypeError: Cannot read property 'find' of undefined
    at TaskService.editTask (/Users/lizhanqiang1/Documents/learn/egg-example/app/service/task.js:39:41)
    at HomeController.editTask (/Users/lizhanqiang1/Documents/learn/egg-example/app/controller/home.js:30:41)
    at Object.callFn (/Users/lizhanqiang1/Documents/learn/egg-example/node_modules/egg-core/lib/utils/index.js:44:21)
    at Object.classControllerMiddleware (/Users/lizhanqiang1/Documents/learn/egg-example/node_modules/egg-core/lib/loader/mixin/controller.js:87:20)
    at Object.callFn (/Users/lizhanqiang1/Documents/learn/egg-example/node_modules/@eggjs/router/lib/utils.js:12:21)
    at wrappedController (/Users/lizhanqiang1/Documents/learn/egg-example/node_modules/@eggjs/router/lib/egg_router.js:322:18)
    at dispatch (/Users/lizhanqiang1/Documents/learn/egg-example/node_modules/koa-compose/index.js:44:32)
    at next (/Users/lizhanqiang1/Documents/learn/egg-example/node_modules/koa-compose/index.js:45:18)
    at /Users/lizhanqiang1/Documents/learn/egg-example/node_modules/@eggjs/router/lib/router.js:186:18
    at dispatch (/Users/lizhanqiang1/Documents/learn/egg-example/node_modules/koa-compose/index.js:44:32)
    at /Users/lizhanqiang1/Documents/learn/egg-example/node_modules/koa-compose/index.js:36:12
    at dispatch (/Users/lizhanqiang1/Documents/learn/egg-example/node_modules/@eggjs/router/lib/router.js:191:33)
    at dispatch (/Users/lizhanqiang1/Documents/learn/egg-example/node_modules/koa/node_modules/koa-compose/index.js:42:32)
    at /Users/lizhanqiang1/Documents/learn/egg-example/app/middleware/error_handler.js:6:13
    at dispatch (/Users/lizhanqiang1/Documents/learn/egg-example/node_modules/koa/node_modules/koa-compose/index.js:42:32)
    at /Users/lizhanqiang1/Documents/learn/egg-example/node_modules/egg-development/app/middleware/egg_loader_trace.js:9:56

pid: 28636
hostname: ZBMac-C02D41XPM

2023-03-20 15:20:56,646 ERROR 95442 [-/127.0.0.1/-/13ms POST /api/addTask] nodejs.ValidationError: Task validation failed: expire: Path `expire` is required.
    at model.Document.invalidate (/Users/lizhanqiang1/Documents/learn/egg-example/node_modules/mongoose/lib/document.js:2782:32)
    at /Users/lizhanqiang1/Documents/learn/egg-example/node_modules/mongoose/lib/document.js:2574:17
    at /Users/lizhanqiang1/Documents/learn/egg-example/node_modules/mongoose/lib/schematype.js:1273:9
    at processTicksAndRejections (internal/process/task_queues.js:77:11)
errors: {"expire":{"name":"ValidatorError","message":"Path `expire` is required.","properties":{"message":"Path `expire` is required.","type":"required","path":"expire"},"kind":"required","path":"expire"}}
_message: "Task validation failed"
pid: 95442
hostname: ZBMac-C02D41XPM

